0 7 8Major frame is not compliant with all time slots
pok_sched_slots_allocation (deployment):  1  0  1  0 
pok_sched_slots_allocation (setting):  0  0  1  1 
POK kernel initialized
[P1] pok_sem_create return=0, mid=0
[P1] pok_thread_create (1) return=0
[P1] pok_thread_create (2) return=0
[P1] pok_thread_create (3) return=0
P1T1: I will signal semaphores
P1T1: pok_sem_signal, ret=0
your enter: 49
P1T3: I will wait for the semaphores
P1T3: pok_sem_wait, ret=0
time 23831115
P1T2: I will signal semaphores
P1T2: pok_sem_signal, ret=0
P1T3: I will wait for the semaphores
P1T3: pok_sem_wait, ret=0
time 36876000
P1T2: I will signal semaphores
P1T2: pok_sem_signal, ret=0
P1T3: I will wait for the semaphores
P1T3: pok_sem_wait, ret=0
time 55314000
P1T4: I will signal semaphores
P1T4: pok_sem_signal, ret=0
P1T2: I will signal semaphores
P1T2: pok_sem_signal, ret=0
P1T4: I will signal semaphores
P1T4: pok_sem_signal, ret=0
P1T3: I will wait for the semaphores
P1T3: pok_sem_wait, ret=0
time 73788876
P1T2: I will signal semaphores
P1T2: pok_sem_signal, ret=0
P1T3: I will wait for the semaphores
P1T3: pok_sem_wait, ret=0
time 92208438
P1T5: I will wait for the semaphores
P1T5: pok_sem_wait, ret=0
[P1] pok_thread_create (1) return=0
[P1] pok_thread_create (2) return=0
[P1] pok_thread_create (3) return=0
P2T1
P2T2
P2T3
P2T1
P2T2
P2T2
P2T2
